TN:
SF:courseconverter.js
FN:50,displayConfiguration
FN:61,prepareTempRoot
FN:88,getFileInfo
FN:114,(anonymous_3)
FN:121,(anonymous_4)
FN:129,(anonymous_5)
FN:148,validateInputPath
FN:168,getTarGzFiles
FN:184,createOutputDirectory
FN:214,validateAndSetup
FN:247,extractCourse
FN:296,cleanupTempFiles
FN:316,createXmlParser
FN:325,readXmlAsObject
FN:336,toArray
FN:353,resolveCourseRoot
FN:366,parseCourseXml
FN:387,(anonymous_17)
FN:393,parseChapters
FN:394,(anonymous_19)
FN:404,(anonymous_20)
FN:412,parseSequentials
FN:413,(anonymous_22)
FN:423,(anonymous_23)
FN:431,parseVerticals
FN:432,(anonymous_25)
FN:447,collectComponentRefs
FN:476,parseHtmlComponent
FN:517,renderHtmlContent
FN:561,parseProblemComponent
FN:593,determineProblemType
FN:620,renderProblemComponent
FN:653,renderMultipleChoiceProblem
FN:670,(anonymous_33)
FN:690,renderSelectionProblem
FN:708,(anonymous_35)
FN:726,renderChoiceProblem
FN:743,(anonymous_37)
FN:762,renderTextInputProblem
FN:780,(anonymous_39)
FN:801,renderNumberInputProblem
FN:828,renderFormulaProblem
FN:855,renderCodeProblem
FN:882,renderUnknownProblem
FN:905,parseVideoComponent
FN:937,determineVideoType
FN:955,renderVideoComponent
FN:980,renderYouTubeVideo
FN:1008,renderHtml5Video
FN:1027,renderExternalVideo
FN:1046,renderUnknownVideo
FN:1061,parseAboutComponent
FN:1071,(anonymous_52)
FN:1096,renderAboutComponent
FN:1117,renderAboutHtml
FN:1155,renderUnknownAbout
FN:1179,parseComponent
FN:1232,renderComponent
FN:1269,buildCourseTree
FN:1286,processCourses
FN:1348,(anonymous_60)
FN:1373,generateCourseOutput
FN:1421,processMediaFiles
FN:1455,findMediaFiles
FN:1467,scanDirectory
FN:1501,copyMediaFile
FN:1537,sanitizeFileName
FN:1550,rewriteMediaPaths
FN:1558,(anonymous_68)
FN:1568,(anonymous_69)
FN:1593,transformCourseToMarkdown
FN:1619,(anonymous_71)
FN:1645,transformNodeToMarkdown
FN:1665,(anonymous_73)
FN:1670,(anonymous_74)
FN:1707,main
FNF:76
FNH:0
FNDA:0,displayConfiguration
FNDA:0,prepareTempRoot
FNDA:0,getFileInfo
FNDA:0,(anonymous_3)
FNDA:0,(anonymous_4)
FNDA:0,(anonymous_5)
FNDA:0,validateInputPath
FNDA:0,getTarGzFiles
FNDA:0,createOutputDirectory
FNDA:0,validateAndSetup
FNDA:0,extractCourse
FNDA:0,cleanupTempFiles
FNDA:0,createXmlParser
FNDA:0,readXmlAsObject
FNDA:0,toArray
FNDA:0,resolveCourseRoot
FNDA:0,parseCourseXml
FNDA:0,(anonymous_17)
FNDA:0,parseChapters
FNDA:0,(anonymous_19)
FNDA:0,(anonymous_20)
FNDA:0,parseSequentials
FNDA:0,(anonymous_22)
FNDA:0,(anonymous_23)
FNDA:0,parseVerticals
FNDA:0,(anonymous_25)
FNDA:0,collectComponentRefs
FNDA:0,parseHtmlComponent
FNDA:0,renderHtmlContent
FNDA:0,parseProblemComponent
FNDA:0,determineProblemType
FNDA:0,renderProblemComponent
FNDA:0,renderMultipleChoiceProblem
FNDA:0,(anonymous_33)
FNDA:0,renderSelectionProblem
FNDA:0,(anonymous_35)
FNDA:0,renderChoiceProblem
FNDA:0,(anonymous_37)
FNDA:0,renderTextInputProblem
FNDA:0,(anonymous_39)
FNDA:0,renderNumberInputProblem
FNDA:0,renderFormulaProblem
FNDA:0,renderCodeProblem
FNDA:0,renderUnknownProblem
FNDA:0,parseVideoComponent
FNDA:0,determineVideoType
FNDA:0,renderVideoComponent
FNDA:0,renderYouTubeVideo
FNDA:0,renderHtml5Video
FNDA:0,renderExternalVideo
FNDA:0,renderUnknownVideo
FNDA:0,parseAboutComponent
FNDA:0,(anonymous_52)
FNDA:0,renderAboutComponent
FNDA:0,renderAboutHtml
FNDA:0,renderUnknownAbout
FNDA:0,parseComponent
FNDA:0,renderComponent
FNDA:0,buildCourseTree
FNDA:0,processCourses
FNDA:0,(anonymous_60)
FNDA:0,generateCourseOutput
FNDA:0,processMediaFiles
FNDA:0,findMediaFiles
FNDA:0,scanDirectory
FNDA:0,copyMediaFile
FNDA:0,sanitizeFileName
FNDA:0,rewriteMediaPaths
FNDA:0,(anonymous_68)
FNDA:0,(anonymous_69)
FNDA:0,transformCourseToMarkdown
FNDA:0,(anonymous_71)
FNDA:0,transformNodeToMarkdown
FNDA:0,(anonymous_73)
FNDA:0,(anonymous_74)
FNDA:0,main
DA:18,0
DA:19,0
DA:25,0
DA:38,0
DA:39,0
DA:43,0
DA:44,0
DA:45,0
DA:51,0
DA:52,0
DA:62,0
DA:63,0
DA:64,0
DA:65,0
DA:67,0
DA:68,0
DA:70,0
DA:71,0
DA:89,0
DA:90,0
DA:93,0
DA:94,0
DA:101,0
DA:104,0
DA:105,0
DA:107,0
DA:108,0
DA:110,0
DA:113,0
DA:114,0
DA:116,0
DA:117,0
DA:120,0
DA:121,0
DA:124,0
DA:125,0
DA:126,0
DA:128,0
DA:129,0
DA:135,0
DA:149,0
DA:150,0
DA:151,0
DA:153,0
DA:154,0
DA:169,0
DA:170,0
DA:185,0
DA:186,0
DA:187,0
DA:188,0
DA:189,0
DA:192,0
DA:193,0
DA:197,0
DA:198,0
DA:217,0
DA:218,0
DA:223,0
DA:227,0
DA:229,0
DA:231,0
DA:250,0
DA:254,0
DA:255,0
DA:260,0
DA:262,0
DA:265,0
DA:271,0
DA:272,0
DA:275,0
DA:279,0
DA:280,0
DA:282,0
DA:297,0
DA:298,0
DA:299,0
DA:300,0
DA:301,0
DA:305,0
DA:306,0
DA:317,0
DA:326,0
DA:327,0
DA:328,0
DA:337,0
DA:338,0
DA:355,0
DA:357,0
DA:359,0
DA:361,0
DA:367,0
DA:368,0
DA:369,0
DA:372,0
DA:373,0
DA:374,0
DA:375,0
DA:376,0
DA:379,0
DA:380,0
DA:381,0
DA:382,0
DA:384,0
DA:385,0
DA:386,0
DA:387,0
DA:389,0
DA:394,0
DA:395,0
DA:396,0
DA:397,0
DA:398,0
DA:400,0
DA:401,0
DA:402,0
DA:403,0
DA:404,0
DA:406,0
DA:407,0
DA:413,0
DA:414,0
DA:415,0
DA:416,0
DA:417,0
DA:419,0
DA:420,0
DA:421,0
DA:422,0
DA:423,0
DA:425,0
DA:426,0
DA:432,0
DA:433,0
DA:434,0
DA:435,0
DA:436,0
DA:438,0
DA:439,0
DA:440,0
DA:441,0
DA:442,0
DA:448,0
DA:449,0
DA:451,0
DA:452,0
DA:453,0
DA:454,0
DA:455,0
DA:459,0
DA:478,0
DA:479,0
DA:482,0
DA:483,0
DA:486,0
DA:487,0
DA:491,0
DA:494,0
DA:495,0
DA:498,0
DA:519,0
DA:520,0
DA:524,0
DA:527,0
DA:530,0
DA:546,0
DA:547,0
DA:550,0
DA:562,0
DA:563,0
DA:565,0
DA:566,0
DA:569,0
DA:570,0
DA:572,0
DA:573,0
DA:576,0
DA:577,0
DA:579,0
DA:594,0
DA:595,0
DA:596,0
DA:597,0
DA:598,0
DA:600,0
DA:601,0
DA:602,0
DA:603,0
DA:604,0
DA:605,0
DA:606,0
DA:607,0
DA:608,0
DA:610,0
DA:621,0
DA:622,0
DA:625,0
DA:627,0
DA:629,0
DA:631,0
DA:633,0
DA:635,0
DA:637,0
DA:639,0
DA:641,0
DA:643,0
DA:654,0
DA:656,0
DA:657,0
DA:659,0
DA:660,0
DA:661,0
DA:662,0
DA:664,0
DA:665,0
DA:668,0
DA:669,0
DA:670,0
DA:671,0
DA:672,0
DA:674,0
DA:675,0
DA:680,0
DA:691,0
DA:692,0
DA:693,0
DA:696,0
DA:697,0
DA:698,0
DA:699,0
DA:701,0
DA:702,0
DA:705,0
DA:706,0
DA:707,0
DA:709,0
DA:710,0
DA:711,0
DA:714,0
DA:717,0
DA:727,0
DA:729,0
DA:730,0
DA:732,0
DA:733,0
DA:734,0
DA:735,0
DA:737,0
DA:738,0
DA:741,0
DA:742,0
DA:743,0
DA:744,0
DA:745,0
DA:747,0
DA:748,0
DA:753,0
DA:763,0
DA:765,0
DA:766,0
DA:767,0
DA:768,0
DA:770,0
DA:771,0
DA:774,0
DA:775,0
DA:777,0
DA:779,0
DA:780,0
DA:782,0
DA:785,0
DA:786,0
DA:788,0
DA:792,0
DA:802,0
DA:804,0
DA:805,0
DA:807,0
DA:808,0
DA:809,0
DA:810,0
DA:812,0
DA:813,0
DA:816,0
DA:819,0
DA:829,0
DA:831,0
DA:832,0
DA:834,0
DA:835,0
DA:836,0
DA:837,0
DA:839,0
DA:840,0
DA:843,0
DA:846,0
DA:856,0
DA:858,0
DA:859,0
DA:861,0
DA:862,0
DA:863,0
DA:864,0
DA:866,0
DA:867,0
DA:870,0
DA:873,0
DA:883,0
DA:885,0
DA:886,0
DA:887,0
DA:889,0
DA:890,0
DA:892,0
DA:893,0
DA:894,0
DA:906,0
DA:907,0
DA:909,0
DA:910,0
DA:913,0
DA:914,0
DA:916,0
DA:917,0
DA:920,0
DA:921,0
DA:923,0
DA:938,0
DA:939,0
DA:940,0
DA:941,0
DA:942,0
DA:943,0
DA:945,0
DA:956,0
DA:957,0
DA:960,0
DA:962,0
DA:964,0
DA:966,0
DA:968,0
DA:970,0
DA:981,0
DA:983,0
DA:984,0
DA:986,0
DA:987,0
DA:988,0
DA:989,0
DA:990,0
DA:992,0
DA:994,0
DA:995,0
DA:999,0
DA:1009,0
DA:1011,0
DA:1012,0
DA:1013,0
DA:1014,0
DA:1015,0
DA:1018,0
DA:1028,0
DA:1030,0
DA:1031,0
DA:1032,0
DA:1033,0
DA:1034,0
DA:1037,0
DA:1047,0
DA:1048,0
DA:1049,0
DA:1050,0
DA:1051,0
DA:1062,0
DA:1063,0
DA:1065,0
DA:1066,0
DA:1070,0
DA:1071,0
DA:1073,0
DA:1074,0
DA:1078,0
DA:1079,0
DA:1081,0
DA:1097,0
DA:1098,0
DA:1101,0
DA:1103,0
DA:1105,0
DA:1107,0
DA:1118,0
DA:1119,0
DA:1122,0
DA:1125,0
DA:1139,0
DA:1140,0
DA:1142,0
DA:1145,0
DA:1146,0
DA:1156,0
DA:1157,0
DA:1158,0
DA:1159,0
DA:1160,0
DA:1161,0
DA:1181,0
DA:1182,0
DA:1185,0
DA:1186,0
DA:1189,0
DA:1192,0
DA:1194,0
DA:1197,0
DA:1200,0
DA:1203,0
DA:1207,0
DA:1208,0
DA:1210,0
DA:1234,0
DA:1235,0
DA:1238,0
DA:1241,0
DA:1243,0
DA:1246,0
DA:1249,0
DA:1252,0
DA:1256,0
DA:1260,0
DA:1261,0
DA:1263,0
DA:1270,0
DA:1271,0
DA:1272,0
DA:1288,0
DA:1290,0
DA:1291,0
DA:1292,0
DA:1293,0
DA:1297,0
DA:1298,0
DA:1299,0
DA:1301,0
DA:1303,0
DA:1307,0
DA:1308,0
DA:1310,0
DA:1315,0
DA:1316,0
DA:1317,0
DA:1318,0
DA:1323,0
DA:1324,0
DA:1329,0
DA:1330,0
DA:1332,0
DA:1335,0
DA:1337,0
DA:1348,0
DA:1349,0
DA:1350,0
DA:1374,0
DA:1376,0
DA:1379,0
DA:1380,0
DA:1383,0
DA:1384,0
DA:1387,0
DA:1388,0
DA:1390,0
DA:1391,0
DA:1395,0
DA:1397,0
DA:1404,0
DA:1422,0
DA:1424,0
DA:1427,0
DA:1428,0
DA:1429,0
DA:1430,0
DA:1431,0
DA:1433,0
DA:1434,0
DA:1439,0
DA:1440,0
DA:1443,0
DA:1445,0
DA:1456,0
DA:1457,0
DA:1459,0
DA:1460,0
DA:1464,0
DA:1468,0
DA:1470,0
DA:1471,0
DA:1472,0
DA:1473,0
DA:1475,0
DA:1476,0
DA:1477,0
DA:1478,0
DA:1479,0
DA:1480,0
DA:1491,0
DA:1492,0
DA:1502,0
DA:1505,0
DA:1508,0
DA:1511,0
DA:1512,0
DA:1513,0
DA:1514,0
DA:1515,0
DA:1516,0
DA:1519,0
DA:1520,0
DA:1525,0
DA:1526,0
DA:1527,0
DA:1528,0
DA:1538,0
DA:1551,0
DA:1552,0
DA:1556,0
DA:1560,0
DA:1561,0
DA:1566,0
DA:1569,0
DA:1570,0
DA:1574,0
DA:1595,0
DA:1596,0
DA:1599,0
DA:1600,0
DA:1603,0
DA:1606,0
DA:1607,0
DA:1608,0
DA:1609,0
DA:1610,0
DA:1613,0
DA:1619,0
DA:1620,0
DA:1624,0
DA:1625,0
DA:1627,0
DA:1647,0
DA:1648,0
DA:1651,0
DA:1654,0
DA:1655,0
DA:1658,0
DA:1659,0
DA:1663,0
DA:1665,0
DA:1666,0
DA:1670,0
DA:1671,0
DA:1673,0
DA:1676,0
DA:1679,0
DA:1683,0
DA:1684,0
DA:1687,0
DA:1688,0
DA:1694,0
DA:1695,0
DA:1698,0
DA:1708,0
DA:1710,0
DA:1713,0
DA:1717,0
DA:1721,0
DA:1726,0
DA:1731,0
DA:1732,0
DA:1733,0
DA:1735,0
DA:1741,0
LF:578
LH:0
BRDA:51,0,0,0
BRDA:51,0,1,0
BRDA:63,1,0,0
BRDA:63,1,1,0
BRDA:65,2,0,0
BRDA:65,2,1,0
BRDA:68,3,0,0
BRDA:68,3,1,0
BRDA:89,4,0,0
BRDA:89,4,1,0
BRDA:101,5,0,0
BRDA:101,5,1,0
BRDA:104,6,0,0
BRDA:104,6,1,0
BRDA:110,7,0,0
BRDA:110,7,1,0
BRDA:116,8,0,0
BRDA:116,8,1,0
BRDA:124,9,0,0
BRDA:124,9,1,0
BRDA:124,10,0,0
BRDA:124,10,1,0
BRDA:125,11,0,0
BRDA:125,11,1,0
BRDA:186,12,0,0
BRDA:186,12,1,0
BRDA:188,13,0,0
BRDA:188,13,1,0
BRDA:192,14,0,0
BRDA:192,14,1,0
BRDA:217,15,0,0
BRDA:217,15,1,0
BRDA:254,16,0,0
BRDA:254,16,1,0
BRDA:271,17,0,0
BRDA:271,17,1,0
BRDA:279,18,0,0
BRDA:279,18,1,0
BRDA:298,19,0,0
BRDA:298,19,1,0
BRDA:300,20,0,0
BRDA:300,20,1,0
BRDA:305,21,0,0
BRDA:305,21,1,0
BRDA:337,22,0,0
BRDA:337,22,1,0
BRDA:338,23,0,0
BRDA:338,23,1,0
BRDA:357,24,0,0
BRDA:357,24,1,0
BRDA:368,25,0,0
BRDA:368,25,1,0
BRDA:373,26,0,0
BRDA:373,26,1,0
BRDA:373,26,2,0
BRDA:379,27,0,0
BRDA:379,27,1,0
BRDA:380,28,0,0
BRDA:380,28,1,0
BRDA:381,29,0,0
BRDA:381,29,1,0
BRDA:382,30,0,0
BRDA:382,30,1,0
BRDA:382,30,2,0
BRDA:384,31,0,0
BRDA:384,31,1,0
BRDA:384,31,2,0
BRDA:384,31,3,0
BRDA:385,32,0,0
BRDA:385,32,1,0
BRDA:385,32,2,0
BRDA:385,32,3,0
BRDA:385,32,4,0
BRDA:386,33,0,0
BRDA:386,33,1,0
BRDA:386,33,2,0
BRDA:396,34,0,0
BRDA:396,34,1,0
BRDA:397,35,0,0
BRDA:397,35,1,0
BRDA:401,36,0,0
BRDA:401,36,1,0
BRDA:401,36,2,0
BRDA:402,37,0,0
BRDA:402,37,1,0
BRDA:402,37,2,0
BRDA:403,38,0,0
BRDA:403,38,1,0
BRDA:403,38,2,0
BRDA:415,39,0,0
BRDA:415,39,1,0
BRDA:416,40,0,0
BRDA:416,40,1,0
BRDA:420,41,0,0
BRDA:420,41,1,0
BRDA:420,41,2,0
BRDA:421,42,0,0
BRDA:421,42,1,0
BRDA:421,42,2,0
BRDA:422,43,0,0
BRDA:422,43,1,0
BRDA:422,43,2,0
BRDA:434,44,0,0
BRDA:434,44,1,0
BRDA:435,45,0,0
BRDA:435,45,1,0
BRDA:439,46,0,0
BRDA:439,46,1,0
BRDA:439,46,2,0
BRDA:440,47,0,0
BRDA:440,47,1,0
BRDA:440,47,2,0
BRDA:452,48,0,0
BRDA:452,48,1,0
BRDA:452,48,2,0
BRDA:454,49,0,0
BRDA:454,49,1,0
BRDA:454,49,2,0
BRDA:454,49,3,0
BRDA:455,50,0,0
BRDA:455,50,1,0
BRDA:482,51,0,0
BRDA:482,51,1,0
BRDA:486,52,0,0
BRDA:486,52,1,0
BRDA:495,53,0,0
BRDA:495,53,1,0
BRDA:495,53,2,0
BRDA:502,54,0,0
BRDA:502,54,1,0
BRDA:519,55,0,0
BRDA:519,55,1,0
BRDA:519,56,0,0
BRDA:519,56,1,0
BRDA:546,57,0,0
BRDA:546,57,1,0
BRDA:546,58,0,0
BRDA:546,58,1,0
BRDA:565,59,0,0
BRDA:565,59,1,0
BRDA:572,60,0,0
BRDA:572,60,1,0
BRDA:577,61,0,0
BRDA:577,61,1,0
BRDA:577,61,2,0
BRDA:594,62,0,0
BRDA:594,62,1,0
BRDA:596,63,0,0
BRDA:596,63,1,0
BRDA:598,64,0,0
BRDA:598,64,1,0
BRDA:601,65,0,0
BRDA:601,65,1,0
BRDA:603,66,0,0
BRDA:603,66,1,0
BRDA:605,67,0,0
BRDA:605,67,1,0
BRDA:607,68,0,0
BRDA:607,68,1,0
BRDA:621,69,0,0
BRDA:621,69,1,0
BRDA:621,70,0,0
BRDA:621,70,1,0
BRDA:627,71,0,0
BRDA:627,71,1,0
BRDA:627,71,2,0
BRDA:627,71,3,0
BRDA:627,71,4,0
BRDA:627,71,5,0
BRDA:627,71,6,0
BRDA:627,71,7,0
BRDA:657,72,0,0
BRDA:657,72,1,0
BRDA:659,73,0,0
BRDA:659,73,1,0
BRDA:660,74,0,0
BRDA:660,74,1,0
BRDA:661,75,0,0
BRDA:661,75,1,0
BRDA:664,76,0,0
BRDA:664,76,1,0
BRDA:669,77,0,0
BRDA:669,77,1,0
BRDA:669,78,0,0
BRDA:669,78,1,0
BRDA:669,78,2,0
BRDA:672,79,0,0
BRDA:672,79,1,0
BRDA:674,80,0,0
BRDA:674,80,1,0
BRDA:693,81,0,0
BRDA:693,81,1,0
BRDA:696,82,0,0
BRDA:696,82,1,0
BRDA:697,83,0,0
BRDA:697,83,1,0
BRDA:698,84,0,0
BRDA:698,84,1,0
BRDA:701,85,0,0
BRDA:701,85,1,0
BRDA:705,86,0,0
BRDA:705,86,1,0
BRDA:706,87,0,0
BRDA:706,87,1,0
BRDA:709,88,0,0
BRDA:709,88,1,0
BRDA:709,89,0,0
BRDA:709,89,1,0
BRDA:710,90,0,0
BRDA:710,90,1,0
BRDA:711,91,0,0
BRDA:711,91,1,0
BRDA:730,92,0,0
BRDA:730,92,1,0
BRDA:732,93,0,0
BRDA:732,93,1,0
BRDA:733,94,0,0
BRDA:733,94,1,0
BRDA:734,95,0,0
BRDA:734,95,1,0
BRDA:737,96,0,0
BRDA:737,96,1,0
BRDA:742,97,0,0
BRDA:742,97,1,0
BRDA:742,98,0,0
BRDA:742,98,1,0
BRDA:742,98,2,0
BRDA:745,99,0,0
BRDA:745,99,1,0
BRDA:747,100,0,0
BRDA:747,100,1,0
BRDA:765,101,0,0
BRDA:765,101,1,0
BRDA:765,101,2,0
BRDA:766,102,0,0
BRDA:766,102,1,0
BRDA:766,102,2,0
BRDA:767,103,0,0
BRDA:767,103,1,0
BRDA:770,104,0,0
BRDA:770,104,1,0
BRDA:775,105,0,0
BRDA:775,105,1,0
BRDA:777,106,0,0
BRDA:777,106,1,0
BRDA:780,107,0,0
BRDA:780,107,1,0
BRDA:780,108,0,0
BRDA:780,108,1,0
BRDA:785,109,0,0
BRDA:785,109,1,0
BRDA:805,110,0,0
BRDA:805,110,1,0
BRDA:807,111,0,0
BRDA:807,111,1,0
BRDA:808,112,0,0
BRDA:808,112,1,0
BRDA:809,113,0,0
BRDA:809,113,1,0
BRDA:812,114,0,0
BRDA:812,114,1,0
BRDA:832,115,0,0
BRDA:832,115,1,0
BRDA:834,116,0,0
BRDA:834,116,1,0
BRDA:835,117,0,0
BRDA:835,117,1,0
BRDA:836,118,0,0
BRDA:836,118,1,0
BRDA:839,119,0,0
BRDA:839,119,1,0
BRDA:859,120,0,0
BRDA:859,120,1,0
BRDA:861,121,0,0
BRDA:861,121,1,0
BRDA:862,122,0,0
BRDA:862,122,1,0
BRDA:863,123,0,0
BRDA:863,123,1,0
BRDA:866,124,0,0
BRDA:866,124,1,0
BRDA:885,125,0,0
BRDA:885,125,1,0
BRDA:886,126,0,0
BRDA:886,126,1,0
BRDA:889,127,0,0
BRDA:889,127,1,0
BRDA:909,128,0,0
BRDA:909,128,1,0
BRDA:916,129,0,0
BRDA:916,129,1,0
BRDA:921,130,0,0
BRDA:921,130,1,0
BRDA:921,130,2,0
BRDA:938,131,0,0
BRDA:938,131,1,0
BRDA:940,132,0,0
BRDA:940,132,1,0
BRDA:942,133,0,0
BRDA:942,133,1,0
BRDA:956,134,0,0
BRDA:956,134,1,0
BRDA:956,135,0,0
BRDA:956,135,1,0
BRDA:962,136,0,0
BRDA:962,136,1,0
BRDA:962,136,2,0
BRDA:962,136,3,0
BRDA:984,137,0,0
BRDA:984,137,1,0
BRDA:987,138,0,0
BRDA:987,138,1,0
BRDA:1012,139,0,0
BRDA:1012,139,1,0
BRDA:1031,140,0,0
BRDA:1031,140,1,0
BRDA:1065,141,0,0
BRDA:1065,141,1,0
BRDA:1073,142,0,0
BRDA:1073,142,1,0
BRDA:1085,143,0,0
BRDA:1085,143,1,0
BRDA:1097,144,0,0
BRDA:1097,144,1,0
BRDA:1097,145,0,0
BRDA:1097,145,1,0
BRDA:1103,146,0,0
BRDA:1103,146,1,0
BRDA:1139,147,0,0
BRDA:1139,147,1,0
BRDA:1139,148,0,0
BRDA:1139,148,1,0
BRDA:1181,149,0,0
BRDA:1181,149,1,0
BRDA:1181,150,0,0
BRDA:1181,150,1,0
BRDA:1185,151,0,0
BRDA:1185,151,1,0
BRDA:1185,152,0,0
BRDA:1185,152,1,0
BRDA:1192,153,0,0
BRDA:1192,153,1,0
BRDA:1192,153,2,0
BRDA:1192,153,3,0
BRDA:1192,153,4,0
BRDA:1207,154,0,0
BRDA:1207,154,1,0
BRDA:1234,155,0,0
BRDA:1234,155,1,0
BRDA:1234,156,0,0
BRDA:1234,156,1,0
BRDA:1241,157,0,0
BRDA:1241,157,1,0
BRDA:1241,157,2,0
BRDA:1241,157,3,0
BRDA:1241,157,4,0
BRDA:1241,157,5,0
BRDA:1256,158,0,0
BRDA:1256,158,1,0
BRDA:1260,159,0,0
BRDA:1260,159,1,0
BRDA:1390,160,0,0
BRDA:1390,160,1,0
BRDA:1433,161,0,0
BRDA:1433,161,1,0
BRDA:1439,162,0,0
BRDA:1439,162,1,0
BRDA:1439,163,0,0
BRDA:1439,163,1,0
BRDA:1459,164,0,0
BRDA:1459,164,1,0
BRDA:1467,165,0,0
BRDA:1475,166,0,0
BRDA:1475,166,1,0
BRDA:1477,167,0,0
BRDA:1477,167,1,0
BRDA:1479,168,0,0
BRDA:1479,168,1,0
BRDA:1513,169,0,0
BRDA:1513,169,1,0
BRDA:1515,170,0,0
BRDA:1515,170,1,0
BRDA:1519,171,0,0
BRDA:1519,171,1,0
BRDA:1525,172,0,0
BRDA:1525,172,1,0
BRDA:1527,173,0,0
BRDA:1527,173,1,0
BRDA:1551,174,0,0
BRDA:1551,174,1,0
BRDA:1595,175,0,0
BRDA:1595,175,1,0
BRDA:1595,176,0,0
BRDA:1595,176,1,0
BRDA:1595,176,2,0
BRDA:1599,177,0,0
BRDA:1599,177,1,0
BRDA:1645,178,0,0
BRDA:1647,179,0,0
BRDA:1647,179,1,0
BRDA:1647,180,0,0
BRDA:1647,180,1,0
BRDA:1647,180,2,0
BRDA:1655,181,0,0
BRDA:1655,181,1,0
BRDA:1658,182,0,0
BRDA:1658,182,1,0
BRDA:1663,183,0,0
BRDA:1663,183,1,0
BRDA:1683,184,0,0
BRDA:1683,184,1,0
BRDA:1694,185,0,0
BRDA:1694,185,1,0
BRDA:1732,186,0,0
BRDA:1732,186,1,0
BRF:415
BRH:0
end_of_record
TN:
SF:src/handlers/about.js
FN:15,parseAboutComponent
FN:24,(anonymous_1)
FN:48,renderAboutComponent
FN:70,renderAboutHtml
FN:107,renderUnknownAbout
FN:117,rewriteMediaPaths
FN:124,(anonymous_6)
FN:132,(anonymous_7)
FN:141,sanitizeFileName
FNF:9
FNH:4
FNDA:0,parseAboutComponent
FNDA:0,(anonymous_1)
FNDA:3,renderAboutComponent
FNDA:3,renderAboutHtml
FNDA:2,renderUnknownAbout
FNDA:3,rewriteMediaPaths
FNDA:0,(anonymous_6)
FNDA:0,(anonymous_7)
FNDA:0,sanitizeFileName
DA:16,0
DA:17,0
DA:19,0
DA:20,0
DA:23,0
DA:24,0
DA:26,0
DA:27,0
DA:30,0
DA:31,0
DA:33,0
DA:49,3
DA:50,1
DA:53,2
DA:55,2
DA:57,1
DA:59,1
DA:71,3
DA:72,3
DA:74,3
DA:76,3
DA:90,3
DA:91,2
DA:93,1
DA:96,3
DA:97,3
DA:108,2
DA:109,2
DA:110,2
DA:111,2
DA:112,2
DA:113,2
DA:118,3
DA:119,1
DA:122,2
DA:125,0
DA:126,0
DA:130,2
DA:133,0
DA:134,0
DA:138,2
DA:142,0
LF:42
LH:26
BRDA:19,0,0,0
BRDA:19,0,1,0
BRDA:26,1,0,0
BRDA:26,1,1,0
BRDA:37,2,0,0
BRDA:37,2,1,0
BRDA:49,3,0,1
BRDA:49,3,1,2
BRDA:49,4,0,3
BRDA:49,4,1,3
BRDA:55,5,0,1
BRDA:55,5,1,1
BRDA:90,6,0,2
BRDA:90,6,1,1
BRDA:90,7,0,3
BRDA:90,7,1,2
BRDA:118,8,0,1
BRDA:118,8,1,2
BRF:18
BRH:12
end_of_record
TN:
SF:src/handlers/html.js
FN:19,parseHtmlComponent
FN:59,renderHtmlContent
FN:96,readXmlAsObject
FN:102,createXmlParser
FN:106,rewriteMediaPaths
FN:114,(anonymous_5)
FN:123,(anonymous_6)
FN:132,sanitizeFileName
FNF:8
FNH:6
FNDA:1,parseHtmlComponent
FNDA:21,renderHtmlContent
FNDA:0,readXmlAsObject
FNDA:0,createXmlParser
FNDA:20,rewriteMediaPaths
FNDA:4,(anonymous_5)
FNDA:1,(anonymous_6)
FNDA:5,sanitizeFileName
DA:21,1
DA:22,1
DA:25,1
DA:26,1
DA:29,0
DA:30,0
DA:34,0
DA:37,0
DA:38,0
DA:41,0
DA:61,21
DA:62,1
DA:66,20
DA:69,20
DA:72,20
DA:88,20
DA:89,1
DA:92,19
DA:97,0
DA:98,0
DA:99,0
DA:103,0
DA:107,20
DA:108,1
DA:112,19
DA:115,4
DA:116,4
DA:121,19
DA:124,1
DA:125,1
DA:129,19
DA:133,5
LF:32
LH:22
BRDA:25,0,0,1
BRDA:25,0,1,0
BRDA:29,1,0,0
BRDA:29,1,1,0
BRDA:38,2,0,0
BRDA:38,2,1,0
BRDA:38,2,2,0
BRDA:45,3,0,0
BRDA:45,3,1,0
BRDA:61,4,0,1
BRDA:61,4,1,20
BRDA:61,5,0,21
BRDA:61,5,1,21
BRDA:88,6,0,1
BRDA:88,6,1,19
BRDA:88,7,0,20
BRDA:88,7,1,19
BRDA:107,8,0,1
BRDA:107,8,1,19
BRF:19
BRH:11
end_of_record
TN:
SF:src/handlers/index.js
FN:16,parseComponent
FN:58,renderComponent
FNF:2
FNH:2
FNDA:6,parseComponent
FNDA:5,renderComponent
DA:17,6
DA:18,2
DA:21,4
DA:22,2
DA:25,2
DA:27,2
DA:29,1
DA:32,0
DA:35,0
DA:38,0
DA:41,1
DA:59,5
DA:60,2
DA:63,3
DA:65,3
DA:67,1
DA:70,0
DA:73,0
DA:76,0
DA:79,1
DA:82,1
LF:21
LH:15
BRDA:17,0,0,2
BRDA:17,0,1,4
BRDA:17,1,0,6
BRDA:17,1,1,5
BRDA:21,2,0,2
BRDA:21,2,1,2
BRDA:21,3,0,4
BRDA:21,3,1,3
BRDA:27,4,0,1
BRDA:27,4,1,0
BRDA:27,4,2,0
BRDA:27,4,3,0
BRDA:27,4,4,1
BRDA:59,5,0,2
BRDA:59,5,1,3
BRDA:59,6,0,5
BRDA:59,6,1,4
BRDA:65,7,0,1
BRDA:65,7,1,0
BRDA:65,7,2,0
BRDA:65,7,3,0
BRDA:65,7,4,1
BRDA:65,7,5,1
BRDA:79,8,0,1
BRDA:79,8,1,0
BRF:25
BRH:18
end_of_record
TN:
SF:src/handlers/problems.js
FN:14,parseProblemComponent
FN:47,determineProblemType
FN:73,renderProblemComponent
FN:107,renderMultipleChoiceProblem
FN:123,(anonymous_4)
FN:142,renderSelectionProblem
FN:159,(anonymous_6)
FN:178,renderChoiceProblem
FN:194,(anonymous_8)
FN:213,renderTextInputProblem
FN:228,(anonymous_10)
FN:249,renderNumberInputProblem
FN:275,renderFormulaProblem
FN:301,renderCodeProblem
FN:327,renderUnknownProblem
FN:344,readXmlAsObject
FN:350,createXmlParser
FN:354,toArray
FNF:18
FNH:14
FNDA:0,parseProblemComponent
FNDA:9,determineProblemType
FNDA:0,renderProblemComponent
FNDA:4,renderMultipleChoiceProblem
FNDA:4,(anonymous_4)
FNDA:3,renderSelectionProblem
FNDA:6,(anonymous_6)
FNDA:2,renderChoiceProblem
FNDA:5,(anonymous_8)
FNDA:3,renderTextInputProblem
FNDA:1,(anonymous_10)
FNDA:2,renderNumberInputProblem
FNDA:1,renderFormulaProblem
FNDA:1,renderCodeProblem
FNDA:2,renderUnknownProblem
FNDA:0,readXmlAsObject
FNDA:0,createXmlParser
FNDA:5,toArray
DA:15,0
DA:16,0
DA:18,0
DA:19,0
DA:22,0
DA:23,0
DA:25,0
DA:26,0
DA:29,0
DA:30,0
DA:32,0
DA:48,9
DA:49,1
DA:50,8
DA:51,1
DA:52,7
DA:53,1
DA:54,6
DA:55,1
DA:56,5
DA:57,1
DA:58,4
DA:59,1
DA:60,3
DA:61,1
DA:63,2
DA:74,0
DA:75,0
DA:78,0
DA:80,0
DA:82,0
DA:84,0
DA:86,0
DA:88,0
DA:90,0
DA:92,0
DA:94,0
DA:96,0
DA:108,4
DA:110,4
DA:111,4
DA:112,4
DA:113,4
DA:114,4
DA:115,2
DA:117,4
DA:118,1
DA:121,4
DA:122,4
DA:123,3
DA:124,4
DA:125,4
DA:126,4
DA:127,4
DA:132,4
DA:143,3
DA:144,3
DA:145,3
DA:147,2
DA:148,2
DA:149,2
DA:150,2
DA:152,2
DA:153,0
DA:156,2
DA:157,2
DA:158,2
DA:160,6
DA:161,6
DA:162,6
DA:165,2
DA:168,2
DA:179,2
DA:181,2
DA:182,2
DA:183,2
DA:184,2
DA:185,2
DA:186,2
DA:188,2
DA:189,0
DA:192,2
DA:193,2
DA:194,2
DA:195,5
DA:196,5
DA:197,5
DA:198,5
DA:203,2
DA:214,3
DA:215,3
DA:216,3
DA:217,3
DA:218,3
DA:220,3
DA:221,0
DA:224,3
DA:225,3
DA:226,3
DA:227,3
DA:228,1
DA:230,3
DA:232,3
DA:233,2
DA:235,1
DA:239,3
DA:250,2
DA:252,2
DA:253,2
DA:254,2
DA:255,2
DA:256,2
DA:257,2
DA:259,2
DA:260,1
DA:262,2
DA:265,2
DA:276,1
DA:278,1
DA:279,1
DA:280,1
DA:281,1
DA:282,1
DA:283,1
DA:285,1
DA:286,1
DA:288,1
DA:291,1
DA:302,1
DA:304,1
DA:305,1
DA:306,1
DA:307,1
DA:308,1
DA:309,1
DA:311,1
DA:312,1
DA:314,1
DA:317,1
DA:328,2
DA:329,2
DA:330,2
DA:331,1
DA:333,2
DA:334,2
DA:336,2
DA:337,2
DA:338,2
DA:345,0
DA:346,0
DA:347,0
DA:351,0
DA:355,5
DA:356,3
LF:154
LH:124
BRDA:18,0,0,0
BRDA:18,0,1,0
BRDA:25,1,0,0
BRDA:25,1,1,0
BRDA:30,2,0,0
BRDA:30,2,1,0
BRDA:30,2,2,0
BRDA:48,3,0,1
BRDA:48,3,1,8
BRDA:50,4,0,1
BRDA:50,4,1,7
BRDA:52,5,0,1
BRDA:52,5,1,6
BRDA:54,6,0,1
BRDA:54,6,1,5
BRDA:56,7,0,1
BRDA:56,7,1,4
BRDA:58,8,0,1
BRDA:58,8,1,3
BRDA:60,9,0,1
BRDA:60,9,1,2
BRDA:74,10,0,0
BRDA:74,10,1,0
BRDA:74,11,0,0
BRDA:74,11,1,0
BRDA:80,12,0,0
BRDA:80,12,1,0
BRDA:80,12,2,0
BRDA:80,12,3,0
BRDA:80,12,4,0
BRDA:80,12,5,0
BRDA:80,12,6,0
BRDA:80,12,7,0
BRDA:111,13,0,4
BRDA:111,13,1,0
BRDA:112,14,0,4
BRDA:112,14,1,2
BRDA:113,15,0,4
BRDA:113,15,1,3
BRDA:114,16,0,2
BRDA:114,16,1,2
BRDA:117,17,0,1
BRDA:117,17,1,3
BRDA:122,18,0,3
BRDA:122,18,1,1
BRDA:122,19,0,4
BRDA:122,19,1,3
BRDA:122,19,2,3
BRDA:125,20,0,4
BRDA:125,20,1,0
BRDA:126,21,0,3
BRDA:126,21,1,1
BRDA:145,22,0,1
BRDA:145,22,1,2
BRDA:147,23,0,2
BRDA:147,23,1,0
BRDA:148,24,0,2
BRDA:148,24,1,2
BRDA:149,25,0,2
BRDA:149,25,1,0
BRDA:152,26,0,0
BRDA:152,26,1,2
BRDA:156,27,0,2
BRDA:156,27,1,2
BRDA:157,28,0,2
BRDA:157,28,1,0
BRDA:160,29,0,3
BRDA:160,29,1,3
BRDA:160,30,0,3
BRDA:160,30,1,0
BRDA:161,31,0,6
BRDA:161,31,1,3
BRDA:162,32,0,1
BRDA:162,32,1,5
BRDA:182,33,0,2
BRDA:182,33,1,0
BRDA:183,34,0,2
BRDA:183,34,1,0
BRDA:184,35,0,2
BRDA:184,35,1,2
BRDA:185,36,0,2
BRDA:185,36,1,0
BRDA:188,37,0,0
BRDA:188,37,1,2
BRDA:193,38,0,2
BRDA:193,38,1,0
BRDA:193,39,0,2
BRDA:193,39,1,2
BRDA:193,39,2,2
BRDA:196,40,0,5
BRDA:196,40,1,0
BRDA:197,41,0,2
BRDA:197,41,1,3
BRDA:215,42,0,3
BRDA:215,42,1,3
BRDA:215,42,2,0
BRDA:216,43,0,3
BRDA:216,43,1,3
BRDA:216,43,2,3
BRDA:217,44,0,3
BRDA:217,44,1,0
BRDA:220,45,0,0
BRDA:220,45,1,3
BRDA:225,46,0,3
BRDA:225,46,1,0
BRDA:226,47,0,3
BRDA:226,47,1,1
BRDA:228,48,0,0
BRDA:228,48,1,1
BRDA:228,49,0,1
BRDA:228,49,1,0
BRDA:232,50,0,2
BRDA:232,50,1,1
BRDA:253,51,0,2
BRDA:253,51,1,0
BRDA:254,52,0,2
BRDA:254,52,1,0
BRDA:255,53,0,2
BRDA:255,53,1,1
BRDA:256,54,0,2
BRDA:256,54,1,0
BRDA:259,55,0,1
BRDA:259,55,1,1
BRDA:279,56,0,1
BRDA:279,56,1,0
BRDA:280,57,0,1
BRDA:280,57,1,0
BRDA:281,58,0,1
BRDA:281,58,1,0
BRDA:282,59,0,1
BRDA:282,59,1,0
BRDA:285,60,0,1
BRDA:285,60,1,0
BRDA:305,61,0,1
BRDA:305,61,1,0
BRDA:306,62,0,1
BRDA:306,62,1,0
BRDA:307,63,0,1
BRDA:307,63,1,0
BRDA:308,64,0,1
BRDA:308,64,1,0
BRDA:311,65,0,1
BRDA:311,65,1,0
BRDA:329,66,0,2
BRDA:329,66,1,1
BRDA:330,67,0,1
BRDA:330,67,1,1
BRDA:333,68,0,2
BRDA:333,68,1,0
BRDA:355,69,0,2
BRDA:355,69,1,3
BRDA:356,70,0,3
BRDA:356,70,1,0
BRF:153
BRH:100
end_of_record
TN:
SF:src/handlers/video.js
FN:14,parseVideoComponent
FN:47,determineVideoType
FN:65,renderVideoComponent
FN:91,renderYouTubeVideo
FN:118,renderHtml5Video
FN:138,renderExternalVideo
FN:158,renderUnknownVideo
FN:169,readXmlAsObject
FN:175,createXmlParser
FNF:9
FNH:5
FNDA:0,parseVideoComponent
FNDA:9,determineVideoType
FNDA:0,renderVideoComponent
FNDA:6,renderYouTubeVideo
FNDA:5,renderHtml5Video
FNDA:7,renderExternalVideo
FNDA:3,renderUnknownVideo
FNDA:0,readXmlAsObject
FNDA:0,createXmlParser
DA:15,0
DA:16,0
DA:18,0
DA:19,0
DA:22,0
DA:23,0
DA:25,0
DA:26,0
DA:29,0
DA:30,0
DA:32,0
DA:48,9
DA:49,3
DA:50,6
DA:51,2
DA:52,4
DA:53,2
DA:55,2
DA:66,0
DA:67,0
DA:70,0
DA:72,0
DA:74,0
DA:76,0
DA:78,0
DA:80,0
DA:92,6
DA:94,6
DA:95,5
DA:96,4
DA:97,4
DA:98,3
DA:99,3
DA:100,3
DA:101,3
DA:103,1
DA:104,1
DA:108,5
DA:119,5
DA:121,5
DA:122,4
DA:123,3
DA:124,3
DA:125,3
DA:128,4
DA:139,7
DA:141,7
DA:142,7
DA:143,6
DA:144,6
DA:145,6
DA:148,7
DA:159,3
DA:160,3
DA:161,3
DA:162,3
DA:163,3
DA:170,0
DA:171,0
DA:172,0
DA:176,0
LF:61
LH:38
BRDA:18,0,0,0
BRDA:18,0,1,0
BRDA:25,1,0,0
BRDA:25,1,1,0
BRDA:30,2,0,0
BRDA:30,2,1,0
BRDA:30,2,2,0
BRDA:48,3,0,3
BRDA:48,3,1,6
BRDA:50,4,0,2
BRDA:50,4,1,4
BRDA:52,5,0,2
BRDA:52,5,1,2
BRDA:66,6,0,0
BRDA:66,6,1,0
BRDA:66,7,0,0
BRDA:66,7,1,0
BRDA:72,8,0,0
BRDA:72,8,1,0
BRDA:72,8,2,0
BRDA:72,8,3,0
BRDA:95,9,0,4
BRDA:95,9,1,1
BRDA:97,10,0,3
BRDA:97,10,1,1
BRDA:122,11,0,3
BRDA:122,11,1,1
BRDA:142,12,0,6
BRDA:142,12,1,1
BRF:29
BRH:14
end_of_record
