TN:
SF:courseconverter.js
FN:64,displayConfiguration
FN:72,prepareTempRoot
FN:98,getFileInfo
FN:124,(anonymous_3)
FN:131,(anonymous_4)
FN:139,(anonymous_5)
FN:157,validateInputPath
FN:177,getTarGzFiles
FN:196,extractCourse
FN:244,cleanupTempFiles
FN:261,createXmlParser
FN:269,readXmlAsObject
FN:277,toArray
FN:295,resolveCourseRoot
FN:316,parseCourseXml
FN:337,(anonymous_15)
FN:350,parseChapters
FN:351,(anonymous_17)
FN:361,(anonymous_18)
FN:376,parseSequentials
FN:377,(anonymous_20)
FN:387,(anonymous_21)
FN:402,parseVerticals
FN:403,(anonymous_23)
FN:424,collectComponentRefs
FN:455,parseHtmlComponent
FN:496,renderHtmlContent
FN:547,parseProblemComponent
FN:581,determineProblemType
FN:613,renderProblemComponent
FN:644,renderMultipleChoiceProblem
FN:661,(anonymous_31)
FN:682,renderSelectionProblem
FN:700,(anonymous_33)
FN:720,renderChoiceProblem
FN:737,(anonymous_35)
FN:758,renderTextInputProblem
FN:776,(anonymous_37)
FN:799,renderNumberInputProblem
FN:829,renderUnsupportedProblem
FN:857,parseVideoComponent
FN:891,determineVideoType
FN:909,renderVideoComponent
FN:932,renderYouTubeVideo
FN:962,renderUnsupportedVideo
FN:976,parseAboutComponent
FN:986,(anonymous_46)
FN:1011,renderAboutComponent
FN:1032,renderAboutHtml
FN:1070,renderUnknownAbout
FN:1094,parseComponent
FN:1147,renderComponent
FN:1184,buildCourseTree
FN:1201,processCourses
FN:1263,(anonymous_54)
FN:1284,createOutputDirectory
FN:1313,validateAndSetup
FN:1347,generateCourseOutput
FN:1395,processMediaFiles
FN:1429,findMediaFiles
FN:1441,scanDirectory
FN:1475,copyMediaFile
FN:1495,sanitizeFileName
FN:1508,rewriteMediaPaths
FN:1516,(anonymous_64)
FN:1526,(anonymous_65)
FN:1551,transformCourseToMarkdown
FN:1577,(anonymous_67)
FN:1603,transformNodeToMarkdown
FN:1623,(anonymous_69)
FN:1628,(anonymous_70)
FN:1665,main
FNF:72
FNH:65
FNDA:2,displayConfiguration
FNDA:5,prepareTempRoot
FNDA:10,getFileInfo
FNDA:2,(anonymous_3)
FNDA:2,(anonymous_4)
FNDA:0,(anonymous_5)
FNDA:3,validateInputPath
FNDA:2,getTarGzFiles
FNDA:2,extractCourse
FNDA:3,cleanupTempFiles
FNDA:25,createXmlParser
FNDA:25,readXmlAsObject
FNDA:27,toArray
FNDA:1,resolveCourseRoot
FNDA:5,parseCourseXml
FNDA:2,(anonymous_15)
FNDA:3,parseChapters
FNDA:3,(anonymous_17)
FNDA:2,(anonymous_18)
FNDA:3,parseSequentials
FNDA:4,(anonymous_20)
FNDA:2,(anonymous_21)
FNDA:3,parseVerticals
FNDA:4,(anonymous_23)
FNDA:2,collectComponentRefs
FNDA:9,parseHtmlComponent
FNDA:12,renderHtmlContent
FNDA:7,parseProblemComponent
FNDA:15,determineProblemType
FNDA:4,renderProblemComponent
FNDA:1,renderMultipleChoiceProblem
FNDA:2,(anonymous_31)
FNDA:2,renderSelectionProblem
FNDA:3,(anonymous_33)
FNDA:1,renderChoiceProblem
FNDA:2,(anonymous_35)
FNDA:2,renderTextInputProblem
FNDA:2,(anonymous_37)
FNDA:1,renderNumberInputProblem
FNDA:1,renderUnsupportedProblem
FNDA:4,parseVideoComponent
FNDA:5,determineVideoType
FNDA:4,renderVideoComponent
FNDA:1,renderYouTubeVideo
FNDA:1,renderUnsupportedVideo
FNDA:5,parseAboutComponent
FNDA:3,(anonymous_46)
FNDA:3,renderAboutComponent
FNDA:1,renderAboutHtml
FNDA:1,renderUnknownAbout
FNDA:10,parseComponent
FNDA:3,renderComponent
FNDA:3,buildCourseTree
FNDA:0,processCourses
FNDA:0,(anonymous_54)
FNDA:3,createOutputDirectory
FNDA:0,validateAndSetup
FNDA:2,generateCourseOutput
FNDA:6,processMediaFiles
FNDA:9,findMediaFiles
FNDA:7,scanDirectory
FNDA:9,copyMediaFile
FNDA:36,sanitizeFileName
FNDA:18,rewriteMediaPaths
FNDA:5,(anonymous_64)
FNDA:3,(anonymous_65)
FNDA:6,transformCourseToMarkdown
FNDA:0,(anonymous_67)
FNDA:5,transformNodeToMarkdown
FNDA:0,(anonymous_69)
FNDA:1,(anonymous_70)
FNDA:0,main
DA:18,6
DA:19,6
DA:26,6
DA:27,6
DA:28,6
DA:29,6
DA:33,6
DA:35,6
DA:38,0
DA:50,0
DA:51,0
DA:55,0
DA:56,0
DA:65,2
DA:66,0
DA:73,5
DA:74,5
DA:75,5
DA:76,5
DA:78,5
DA:79,5
DA:81,0
DA:82,0
DA:99,10
DA:100,4
DA:103,6
DA:104,6
DA:111,6
DA:114,4
DA:115,2
DA:117,2
DA:118,2
DA:120,2
DA:123,2
DA:124,2
DA:126,2
DA:127,1
DA:130,1
DA:131,2
DA:134,1
DA:135,0
DA:136,0
DA:138,0
DA:139,0
DA:145,3
DA:158,3
DA:159,3
DA:160,1
DA:162,2
DA:163,2
DA:178,2
DA:179,1
DA:199,2
DA:203,2
DA:204,0
DA:209,2
DA:211,2
DA:214,2
DA:220,0
DA:221,0
DA:224,0
DA:228,2
DA:229,2
DA:231,2
DA:245,3
DA:246,3
DA:247,2
DA:248,2
DA:249,0
DA:253,0
DA:254,0
DA:262,25
DA:270,25
DA:271,23
DA:272,23
DA:278,27
DA:279,24
DA:297,1
DA:299,1
DA:301,0
DA:303,1
DA:317,5
DA:318,5
DA:319,2
DA:322,3
DA:323,3
DA:324,3
DA:325,3
DA:326,3
DA:329,3
DA:330,3
DA:331,3
DA:332,3
DA:334,3
DA:335,3
DA:336,3
DA:337,2
DA:339,3
DA:351,3
DA:352,3
DA:353,3
DA:354,1
DA:355,1
DA:357,2
DA:358,2
DA:359,2
DA:360,2
DA:361,2
DA:363,2
DA:364,2
DA:377,3
DA:378,4
DA:379,4
DA:380,2
DA:381,2
DA:383,2
DA:384,2
DA:385,2
DA:386,2
DA:387,2
DA:389,2
DA:390,2
DA:403,3
DA:404,4
DA:405,4
DA:406,2
DA:407,2
DA:409,2
DA:410,2
DA:411,2
DA:412,2
DA:413,2
DA:425,2
DA:426,2
DA:428,2
DA:429,8
DA:430,8
DA:431,1
DA:432,1
DA:436,2
DA:457,9
DA:458,9
DA:461,9
DA:462,5
DA:465,4
DA:466,1
DA:470,3
DA:473,3
DA:474,3
DA:477,3
DA:498,12
DA:499,6
DA:503,6
DA:506,6
DA:509,6
DA:525,6
DA:526,2
DA:529,4
DA:548,7
DA:549,7
DA:551,7
DA:552,3
DA:555,4
DA:556,4
DA:558,4
DA:559,2
DA:562,2
DA:563,2
DA:565,2
DA:582,15
DA:583,4
DA:584,11
DA:585,2
DA:586,9
DA:588,2
DA:589,7
DA:590,2
DA:591,5
DA:592,2
DA:593,3
DA:594,1
DA:595,2
DA:596,1
DA:598,1
DA:614,4
DA:615,4
DA:618,0
DA:620,0
DA:622,0
DA:624,0
DA:626,0
DA:628,0
DA:630,0
DA:632,0
DA:645,1
DA:647,1
DA:648,1
DA:650,1
DA:651,1
DA:652,1
DA:653,1
DA:655,1
DA:656,0
DA:659,1
DA:660,1
DA:661,1
DA:662,2
DA:663,2
DA:665,2
DA:666,2
DA:671,1
DA:683,2
DA:684,2
DA:685,2
DA:688,2
DA:689,2
DA:690,2
DA:691,2
DA:693,2
DA:694,1
DA:697,2
DA:698,2
DA:699,1
DA:701,3
DA:702,3
DA:703,3
DA:706,1
DA:709,2
DA:721,1
DA:723,1
DA:724,1
DA:726,1
DA:727,1
DA:728,1
DA:729,1
DA:731,1
DA:732,1
DA:735,1
DA:736,1
DA:737,1
DA:738,2
DA:739,2
DA:741,2
DA:742,2
DA:747,1
DA:759,2
DA:761,2
DA:762,2
DA:763,2
DA:764,2
DA:766,2
DA:767,1
DA:770,2
DA:771,2
DA:773,2
DA:775,2
DA:776,2
DA:778,2
DA:781,2
DA:782,1
DA:784,1
DA:788,2
DA:800,1
DA:802,1
DA:803,1
DA:805,1
DA:806,1
DA:807,1
DA:808,1
DA:810,1
DA:811,1
DA:814,1
DA:817,1
DA:830,1
DA:832,1
DA:833,1
DA:834,1
DA:836,1
DA:837,1
DA:839,1
DA:840,1
DA:858,4
DA:859,4
DA:861,4
DA:862,2
DA:865,2
DA:866,2
DA:868,2
DA:869,1
DA:872,1
DA:873,1
DA:875,1
DA:892,5
DA:893,2
DA:894,3
DA:895,1
DA:896,2
DA:897,1
DA:899,1
DA:910,4
DA:911,4
DA:914,0
DA:916,0
DA:918,0
DA:922,0
DA:933,1
DA:935,1
DA:936,1
DA:938,1
DA:939,1
DA:940,1
DA:941,1
DA:942,1
DA:944,1
DA:946,0
DA:947,0
DA:951,1
DA:963,1
DA:964,1
DA:965,1
DA:966,1
DA:977,5
DA:978,5
DA:980,5
DA:981,2
DA:985,3
DA:986,3
DA:988,3
DA:989,1
DA:993,2
DA:994,2
DA:996,2
DA:1012,3
DA:1013,3
DA:1016,0
DA:1018,0
DA:1020,0
DA:1022,0
DA:1033,1
DA:1034,1
DA:1037,1
DA:1040,1
DA:1054,1
DA:1055,1
DA:1057,0
DA:1060,1
DA:1061,1
DA:1071,1
DA:1072,1
DA:1073,1
DA:1074,1
DA:1075,1
DA:1076,1
DA:1096,10
DA:1097,2
DA:1100,8
DA:1101,3
DA:1104,5
DA:1107,5
DA:1109,3
DA:1112,0
DA:1115,0
DA:1118,0
DA:1122,2
DA:1123,0
DA:1125,2
DA:1149,3
DA:1150,2
DA:1153,1
DA:1156,1
DA:1158,1
DA:1161,0
DA:1164,0
DA:1167,0
DA:1171,0
DA:1175,0
DA:1176,0
DA:1178,0
DA:1185,3
DA:1186,2
DA:1187,2
DA:1203,0
DA:1205,0
DA:1206,0
DA:1207,0
DA:1208,0
DA:1212,0
DA:1213,0
DA:1214,0
DA:1216,0
DA:1218,0
DA:1222,0
DA:1223,0
DA:1225,0
DA:1230,0
DA:1231,0
DA:1232,0
DA:1233,0
DA:1238,0
DA:1239,0
DA:1244,0
DA:1245,0
DA:1247,0
DA:1250,0
DA:1252,0
DA:1263,0
DA:1264,0
DA:1265,0
DA:1285,3
DA:1286,3
DA:1287,3
DA:1288,2
DA:1289,0
DA:1292,0
DA:1293,0
DA:1297,1
DA:1298,1
DA:1316,0
DA:1317,0
DA:1322,0
DA:1326,0
DA:1328,0
DA:1330,0
DA:1348,2
DA:1350,2
DA:1353,2
DA:1354,2
DA:1357,2
DA:1358,2
DA:1361,2
DA:1362,2
DA:1364,2
DA:1365,0
DA:1369,2
DA:1371,2
DA:1378,0
DA:1396,6
DA:1398,6
DA:1401,6
DA:1402,6
DA:1403,4
DA:1404,4
DA:1405,3
DA:1407,1
DA:1408,0
DA:1413,6
DA:1414,0
DA:1417,6
DA:1419,0
DA:1430,9
DA:1431,9
DA:1433,9
DA:1434,4
DA:1438,5
DA:1442,7
DA:1444,7
DA:1445,9
DA:1446,9
DA:1447,9
DA:1449,9
DA:1450,2
DA:1451,7
DA:1452,7
DA:1453,7
DA:1454,7
DA:1465,5
DA:1466,5
DA:1477,9
DA:1478,9
DA:1481,9
DA:1484,8
DA:1486,6
DA:1487,0
DA:1496,36
DA:1509,18
DA:1510,7
DA:1514,11
DA:1518,5
DA:1519,5
DA:1524,11
DA:1527,3
DA:1528,3
DA:1532,11
DA:1553,6
DA:1554,4
DA:1557,2
DA:1558,2
DA:1561,0
DA:1564,0
DA:1565,0
DA:1566,0
DA:1567,0
DA:1568,0
DA:1571,0
DA:1577,0
DA:1578,0
DA:1582,0
DA:1583,0
DA:1585,0
DA:1605,5
DA:1606,4
DA:1609,1
DA:1612,1
DA:1613,1
DA:1616,1
DA:1617,0
DA:1621,1
DA:1623,0
DA:1624,0
DA:1628,1
DA:1629,1
DA:1631,1
DA:1634,0
DA:1637,0
DA:1641,1
DA:1642,0
DA:1645,1
DA:1646,1
DA:1652,1
DA:1653,0
DA:1656,1
DA:1666,0
DA:1668,0
DA:1671,0
DA:1675,0
DA:1679,0
DA:1684,0
DA:1689,0
DA:1690,0
DA:1691,0
DA:1693,0
DA:1699,6
DA:1700,0
LF:533
LH:410
BRDA:35,0,0,0
BRDA:35,0,1,6
BRDA:65,1,0,0
BRDA:65,1,1,2
BRDA:74,2,0,5
BRDA:74,2,1,0
BRDA:76,3,0,0
BRDA:76,3,1,5
BRDA:79,4,0,0
BRDA:79,4,1,5
BRDA:99,5,0,4
BRDA:99,5,1,6
BRDA:111,6,0,4
BRDA:111,6,1,2
BRDA:114,7,0,2
BRDA:114,7,1,2
BRDA:120,8,0,2
BRDA:120,8,1,0
BRDA:126,9,0,1
BRDA:126,9,1,1
BRDA:134,10,0,0
BRDA:134,10,1,1
BRDA:134,11,0,1
BRDA:134,11,1,0
BRDA:135,12,0,0
BRDA:135,12,1,0
BRDA:203,13,0,0
BRDA:203,13,1,2
BRDA:220,14,0,0
BRDA:220,14,1,0
BRDA:228,15,0,2
BRDA:228,15,1,0
BRDA:246,16,0,2
BRDA:246,16,1,1
BRDA:248,17,0,0
BRDA:248,17,1,2
BRDA:253,18,0,0
BRDA:253,18,1,0
BRDA:278,19,0,3
BRDA:278,19,1,24
BRDA:279,20,0,14
BRDA:279,20,1,10
BRDA:299,21,0,0
BRDA:299,21,1,1
BRDA:318,22,0,2
BRDA:318,22,1,3
BRDA:323,23,0,3
BRDA:323,23,1,0
BRDA:323,23,2,0
BRDA:329,24,0,2
BRDA:329,24,1,1
BRDA:330,25,0,3
BRDA:330,25,1,2
BRDA:331,26,0,2
BRDA:331,26,1,1
BRDA:332,27,0,3
BRDA:332,27,1,0
BRDA:332,27,2,0
BRDA:334,28,0,3
BRDA:334,28,1,1
BRDA:334,28,2,1
BRDA:334,28,3,1
BRDA:335,29,0,3
BRDA:335,29,1,3
BRDA:335,29,2,1
BRDA:335,29,3,1
BRDA:335,29,4,1
BRDA:336,30,0,3
BRDA:336,30,1,1
BRDA:336,30,2,1
BRDA:353,31,0,1
BRDA:353,31,1,2
BRDA:354,32,0,0
BRDA:354,32,1,1
BRDA:358,33,0,2
BRDA:358,33,1,0
BRDA:358,33,2,0
BRDA:359,34,0,2
BRDA:359,34,1,0
BRDA:359,34,2,0
BRDA:360,35,0,2
BRDA:360,35,1,0
BRDA:360,35,2,0
BRDA:379,36,0,2
BRDA:379,36,1,2
BRDA:380,37,0,0
BRDA:380,37,1,2
BRDA:384,38,0,2
BRDA:384,38,1,0
BRDA:384,38,2,0
BRDA:385,39,0,2
BRDA:385,39,1,0
BRDA:385,39,2,0
BRDA:386,40,0,2
BRDA:386,40,1,0
BRDA:386,40,2,0
BRDA:405,41,0,2
BRDA:405,41,1,2
BRDA:406,42,0,0
BRDA:406,42,1,2
BRDA:410,43,0,2
BRDA:410,43,1,0
BRDA:410,43,2,0
BRDA:411,44,0,2
BRDA:411,44,1,0
BRDA:411,44,2,0
BRDA:429,45,0,8
BRDA:429,45,1,7
BRDA:429,45,2,7
BRDA:431,46,0,1
BRDA:431,46,1,0
BRDA:431,46,2,0
BRDA:431,46,3,0
BRDA:432,47,0,1
BRDA:432,47,1,0
BRDA:461,48,0,5
BRDA:461,48,1,4
BRDA:465,49,0,1
BRDA:465,49,1,3
BRDA:474,50,0,3
BRDA:474,50,1,1
BRDA:474,50,2,1
BRDA:481,51,0,3
BRDA:481,51,1,1
BRDA:498,52,0,6
BRDA:498,52,1,6
BRDA:498,53,0,12
BRDA:498,53,1,10
BRDA:525,54,0,2
BRDA:525,54,1,4
BRDA:525,55,0,6
BRDA:525,55,1,4
BRDA:551,56,0,3
BRDA:551,56,1,4
BRDA:558,57,0,2
BRDA:558,57,1,2
BRDA:563,58,0,2
BRDA:563,58,1,0
BRDA:563,58,2,0
BRDA:582,59,0,4
BRDA:582,59,1,11
BRDA:584,60,0,2
BRDA:584,60,1,9
BRDA:586,61,0,2
BRDA:586,61,1,7
BRDA:589,62,0,2
BRDA:589,62,1,5
BRDA:591,63,0,2
BRDA:591,63,1,3
BRDA:593,64,0,1
BRDA:593,64,1,2
BRDA:595,65,0,1
BRDA:595,65,1,1
BRDA:614,66,0,4
BRDA:614,66,1,0
BRDA:614,67,0,4
BRDA:614,67,1,3
BRDA:620,68,0,0
BRDA:620,68,1,0
BRDA:620,68,2,0
BRDA:620,68,3,0
BRDA:620,68,4,0
BRDA:620,68,5,0
BRDA:648,69,0,1
BRDA:648,69,1,0
BRDA:650,70,0,1
BRDA:650,70,1,0
BRDA:651,71,0,1
BRDA:651,71,1,1
BRDA:652,72,0,1
BRDA:652,72,1,0
BRDA:655,73,0,0
BRDA:655,73,1,1
BRDA:660,74,0,1
BRDA:660,74,1,0
BRDA:660,75,0,1
BRDA:660,75,1,1
BRDA:660,75,2,1
BRDA:663,76,0,2
BRDA:663,76,1,0
BRDA:665,77,0,1
BRDA:665,77,1,1
BRDA:685,78,0,0
BRDA:685,78,1,2
BRDA:688,79,0,2
BRDA:688,79,1,0
BRDA:689,80,0,2
BRDA:689,80,1,1
BRDA:690,81,0,2
BRDA:690,81,1,0
BRDA:693,82,0,1
BRDA:693,82,1,1
BRDA:697,83,0,2
BRDA:697,83,1,2
BRDA:698,84,0,1
BRDA:698,84,1,1
BRDA:701,85,0,0
BRDA:701,85,1,3
BRDA:701,86,0,3
BRDA:701,86,1,0
BRDA:702,87,0,3
BRDA:702,87,1,3
BRDA:703,88,0,1
BRDA:703,88,1,2
BRDA:724,89,0,1
BRDA:724,89,1,0
BRDA:726,90,0,1
BRDA:726,90,1,0
BRDA:727,91,0,1
BRDA:727,91,1,0
BRDA:728,92,0,1
BRDA:728,92,1,0
BRDA:731,93,0,1
BRDA:731,93,1,0
BRDA:736,94,0,1
BRDA:736,94,1,0
BRDA:736,95,0,1
BRDA:736,95,1,1
BRDA:736,95,2,1
BRDA:739,96,0,2
BRDA:739,96,1,0
BRDA:741,97,0,1
BRDA:741,97,1,1
BRDA:761,98,0,2
BRDA:761,98,1,2
BRDA:761,98,2,0
BRDA:762,99,0,2
BRDA:762,99,1,2
BRDA:762,99,2,1
BRDA:763,100,0,2
BRDA:763,100,1,0
BRDA:766,101,0,1
BRDA:766,101,1,1
BRDA:771,102,0,2
BRDA:771,102,1,0
BRDA:773,103,0,2
BRDA:773,103,1,1
BRDA:776,104,0,0
BRDA:776,104,1,2
BRDA:776,105,0,2
BRDA:776,105,1,0
BRDA:781,106,0,1
BRDA:781,106,1,1
BRDA:803,107,0,1
BRDA:803,107,1,0
BRDA:805,108,0,1
BRDA:805,108,1,0
BRDA:806,109,0,1
BRDA:806,109,1,0
BRDA:807,110,0,1
BRDA:807,110,1,0
BRDA:810,111,0,1
BRDA:810,111,1,0
BRDA:832,112,0,1
BRDA:832,112,1,0
BRDA:833,113,0,1
BRDA:833,113,1,0
BRDA:836,114,0,1
BRDA:836,114,1,0
BRDA:861,115,0,2
BRDA:861,115,1,2
BRDA:868,116,0,1
BRDA:868,116,1,1
BRDA:873,117,0,1
BRDA:873,117,1,0
BRDA:873,117,2,0
BRDA:892,118,0,2
BRDA:892,118,1,3
BRDA:894,119,0,1
BRDA:894,119,1,2
BRDA:896,120,0,1
BRDA:896,120,1,1
BRDA:910,121,0,4
BRDA:910,121,1,0
BRDA:910,122,0,4
BRDA:910,122,1,3
BRDA:916,123,0,0
BRDA:916,123,1,0
BRDA:916,123,2,0
BRDA:916,123,3,0
BRDA:936,124,0,1
BRDA:936,124,1,0
BRDA:939,125,0,1
BRDA:939,125,1,0
BRDA:980,126,0,2
BRDA:980,126,1,3
BRDA:988,127,0,1
BRDA:988,127,1,2
BRDA:1000,128,0,2
BRDA:1000,128,1,2
BRDA:1012,129,0,3
BRDA:1012,129,1,0
BRDA:1012,130,0,3
BRDA:1012,130,1,2
BRDA:1018,131,0,0
BRDA:1018,131,1,0
BRDA:1054,132,0,1
BRDA:1054,132,1,0
BRDA:1054,133,0,1
BRDA:1054,133,1,1
BRDA:1096,134,0,2
BRDA:1096,134,1,8
BRDA:1096,135,0,10
BRDA:1096,135,1,9
BRDA:1100,136,0,3
BRDA:1100,136,1,5
BRDA:1100,137,0,8
BRDA:1100,137,1,6
BRDA:1107,138,0,3
BRDA:1107,138,1,0
BRDA:1107,138,2,0
BRDA:1107,138,3,0
BRDA:1107,138,4,2
BRDA:1122,139,0,0
BRDA:1122,139,1,2
BRDA:1149,140,0,2
BRDA:1149,140,1,1
BRDA:1149,141,0,3
BRDA:1149,141,1,2
BRDA:1156,142,0,1
BRDA:1156,142,1,0
BRDA:1156,142,2,0
BRDA:1156,142,3,0
BRDA:1156,142,4,0
BRDA:1156,142,5,0
BRDA:1171,143,0,0
BRDA:1171,143,1,0
BRDA:1175,144,0,0
BRDA:1175,144,1,0
BRDA:1286,145,0,3
BRDA:1286,145,1,0
BRDA:1288,146,0,0
BRDA:1288,146,1,2
BRDA:1292,147,0,0
BRDA:1292,147,1,0
BRDA:1316,148,0,0
BRDA:1316,148,1,0
BRDA:1364,149,0,0
BRDA:1364,149,1,2
BRDA:1407,150,0,0
BRDA:1407,150,1,1
BRDA:1413,151,0,0
BRDA:1413,151,1,6
BRDA:1413,152,0,6
BRDA:1413,152,1,0
BRDA:1433,153,0,4
BRDA:1433,153,1,5
BRDA:1441,154,0,5
BRDA:1449,155,0,2
BRDA:1449,155,1,7
BRDA:1451,156,0,7
BRDA:1451,156,1,0
BRDA:1453,157,0,7
BRDA:1453,157,1,0
BRDA:1486,158,0,0
BRDA:1486,158,1,6
BRDA:1509,159,0,7
BRDA:1509,159,1,11
BRDA:1553,160,0,4
BRDA:1553,160,1,2
BRDA:1553,161,0,6
BRDA:1553,161,1,5
BRDA:1553,161,2,3
BRDA:1557,162,0,2
BRDA:1557,162,1,0
BRDA:1603,163,0,0
BRDA:1605,164,0,4
BRDA:1605,164,1,1
BRDA:1605,165,0,5
BRDA:1605,165,1,4
BRDA:1605,165,2,2
BRDA:1613,166,0,1
BRDA:1613,166,1,0
BRDA:1616,167,0,0
BRDA:1616,167,1,1
BRDA:1621,168,0,0
BRDA:1621,168,1,1
BRDA:1641,169,0,0
BRDA:1641,169,1,1
BRDA:1652,170,0,0
BRDA:1652,170,1,1
BRDA:1690,171,0,0
BRDA:1690,171,1,0
BRDA:1699,172,0,0
BRDA:1699,172,1,6
BRF:385
BRH:251
end_of_record
